<?xml version="1.0" encoding="UTF-8"?>
<!-- Generated by org.testng.reporters.JUnitReportReporter -->
<testsuite hostname="DESKTOP-53EJ0K8" failures="0" tests="3" name="ins.aiite.TestNGP1.SampleClass6" time="12.185" errors="0" timestamp="2023-10-22T06:31:21 IST" skipped="0">
  <testcase classname="ins.aiite.TestNGP1.SampleClass6" name="crossBrowser" time="6.777"/>
  <system-out/>
  <testcase classname="ins.aiite.TestNGP1.SampleClass6" name="crossBrowser" time="0.010"/>
  <system-out/>
  <testcase classname="ins.aiite.TestNGP1.SampleClass6" name="crossBrowser" time="5.398"/>
  <system-out/>
</testsuite> <!-- ins.aiite.TestNGP1.SampleClass6 -->
