<?xml version="1.0" encoding="UTF-8"?>
<!-- Generated by org.testng.reporters.JUnitReportReporter -->
<testsuite hostname="DESKTOP-53EJ0K8" failures="0" tests="4" name="ins.aiite.TestNGP1.SampleClass2" time="0.028" errors="0" timestamp="2023-10-21T07:38:31 IST" skipped="1">
  <testcase classname="ins.aiite.TestNGP1.SampleClass2" name="username" time="0.027"/>
  <system-out/>
  <testcase classname="ins.aiite.TestNGP1.SampleClass2" name="password" time="0.001"/>
  <system-out/>
  <testcase classname="ins.aiite.TestNGP1.SampleClass2" name="login" time="0.000"/>
  <system-out/>
  <testcase classname="ins.aiite.TestNGP1.SampleClass2" name="x">
    <skipped/>
  </testcase> <!-- x -->
  <system-out/>
</testsuite> <!-- ins.aiite.TestNGP1.SampleClass2 -->
