<?xml version="1.0" encoding="UTF-8"?>
<!-- Generated by org.testng.reporters.JUnitReportReporter -->
<testsuite hostname="DESKTOP-53EJ0K8" failures="0" tests="2" name="ins.aiite.TestNGP1.SampleClass1" time="0.006" errors="0" timestamp="2023-10-21T07:16:02 IST" skipped="1">
  <testcase classname="ins.aiite.TestNGP1.SampleClass1" name="test2" time="0.006"/>
  <system-out/>
  <testcase classname="ins.aiite.TestNGP1.SampleClass1" name="test3">
    <skipped/>
  </testcase> <!-- test3 -->
  <system-out/>
</testsuite> <!-- ins.aiite.TestNGP1.SampleClass1 -->
