<?xml version="1.0" encoding="UTF-8"?>
<!-- Generated by org.testng.reporters.JUnitReportReporter -->
<testsuite hostname="DESKTOP-53EJ0K8" failures="0" tests="6" name="ins.aiite.TestNGP1.SampleClass4" time="0.006" errors="0" timestamp="2023-10-22T06:31:21 IST" skipped="0">
  <testcase classname="ins.aiite.TestNGP1.SampleClass4" name="test33" time="0.001"/>
  <system-out/>
  <testcase classname="ins.aiite.TestNGP1.SampleClass4" name="test44" time="0.001"/>
  <system-out/>
  <testcase classname="ins.aiite.TestNGP1.SampleClass4" name="test22" time="0.001"/>
  <system-out/>
  <testcase classname="ins.aiite.TestNGP1.SampleClass4" name="test55" time="0.001"/>
  <system-out/>
  <testcase classname="ins.aiite.TestNGP1.SampleClass4" name="test11" time="0.002"/>
  <system-out/>
  <testcase classname="ins.aiite.TestNGP1.SampleClass4" name="test66" time="0.000"/>
  <system-out/>
</testsuite> <!-- ins.aiite.TestNGP1.SampleClass4 -->
