<?xml version="1.0" encoding="UTF-8"?>
<!-- Generated by org.testng.reporters.JUnitReportReporter -->
<testsuite hostname="DESKTOP-53EJ0K8" failures="0" tests="3" name="ins.aiite.dataProvider.SampleDataProvider" time="0.425" errors="0" timestamp="2023-10-22T07:55:53 IST" skipped="2">
  <testcase classname="ins.aiite.dataProvider.SampleDataProvider" name="call2Din" time="0.425"/>
  <system-out/>
  <testcase classname="ins.aiite.dataProvider.SampleDataProvider" name="twoArr">
    <skipped/>
  </testcase> <!-- twoArr -->
  <system-out/>
  <testcase classname="ins.aiite.dataProvider.SampleDataProvider" name="pickDataUsingDataProvider">
    <skipped/>
  </testcase> <!-- pickDataUsingDataProvider -->
  <system-out/>
</testsuite> <!-- ins.aiite.dataProvider.SampleDataProvider -->
