<?xml version="1.0" encoding="UTF-8"?>
<!-- Generated by org.testng.reporters.JUnitReportReporter -->
<testsuite hostname="DESKTOP-53EJ0K8" failures="0" tests="8" name="ins.aiite.dataProvider.SampleDataProvider2" time="0.012" errors="0" timestamp="2023-10-22T08:09:02 IST" skipped="0">
  <testcase classname="ins.aiite.dataProvider.SampleDataProvider2" name="pickDataUsingDataProvider" time="0.002"/>
  <system-out/>
  <testcase classname="ins.aiite.dataProvider.SampleDataProvider2" name="pickDataUsingDataProvider" time="0.001"/>
  <system-out/>
  <testcase classname="ins.aiite.dataProvider.SampleDataProvider2" name="pickDataUsingDataProvider" time="0.001"/>
  <system-out/>
  <testcase classname="ins.aiite.dataProvider.SampleDataProvider2" name="pickDataUsingDataProvider" time="0.006"/>
  <system-out/>
  <testcase classname="ins.aiite.dataProvider.SampleDataProvider2" name="pickDataUsingDataProvider" time="0.000"/>
  <system-out/>
  <testcase classname="ins.aiite.dataProvider.SampleDataProvider2" name="pickDataUsingDataProvider" time="0.001"/>
  <system-out/>
  <testcase classname="ins.aiite.dataProvider.SampleDataProvider2" name="pickDataUsingDataProvider" time="0.001"/>
  <system-out/>
  <testcase classname="ins.aiite.dataProvider.SampleDataProvider2" name="pickDataUsingDataProvider" time="0.000"/>
  <system-out/>
</testsuite> <!-- ins.aiite.dataProvider.SampleDataProvider2 -->
