<?xml version="1.0" encoding="UTF-8"?>
<!-- Generated by org.testng.reporters.JUnitReportReporter -->
<testsuite hostname="DESKTOP-53EJ0K8" failures="0" tests="3" name="ins.aiite.TestNGP1.SampleClass5" time="0.002" errors="0" timestamp="2023-10-22T06:31:21 IST" skipped="0">
  <testcase classname="ins.aiite.TestNGP1.SampleClass5" name="username" time="0.001"/>
  <system-out/>
  <testcase classname="ins.aiite.TestNGP1.SampleClass5" name="login" time="0.000"/>
  <system-out/>
  <testcase classname="ins.aiite.TestNGP1.SampleClass5" name="password" time="0.001"/>
  <system-out/>
</testsuite> <!-- ins.aiite.TestNGP1.SampleClass5 -->
